Build started 2017/6/27 9:07:42.
     1>Project "F:\wjj学习资料\wjj学习资料\数字图像处理\课程设计\code\FaceDetection\FaceDetection\FaceDetection.vcxproj" on node 2 (Build target(s)).
     1>ClCompile:
         D:\Software Download\VS\VC\bin\x86_amd64\CL.exe /c /Zi /nologo /W3 /WX- /sdl /O2 /Oi /GL /D WIN32 /D NDEBUG /D _WINDOWS /D _UNICODE /D UNICODE /Gm- /EHsc /MD /GS /Gy /fp:precise /Zc:wchar_t /Zc:forScope /Fo"x64\Release\\" /Fd"x64\Release\vc120.pdb" /Gd /TP /errorReport:prompt FaceDetection.cpp
         FaceDetection.cpp
     1>D:\Software Download\opencv\opencv\build\include\opencv2/core/mat.hpp(1965): warning C4819: The file contains a character that cannot be represented in the current code page (936). Save the file in Unicode format to prevent data loss
     1>D:\Software Download\opencv\opencv\build\include\opencv2/core/persistence.hpp : warning C4819: The file contains a character that cannot be represented in the current code page (936). Save the file in Unicode format to prevent data loss
     1>D:\Software Download\opencv\opencv\build\include\opencv2/core/utility.hpp : warning C4819: The file contains a character that cannot be represented in the current code page (936). Save the file in Unicode format to prevent data loss
     1>D:\Software Download\opencv\complier\install\include\opencv2/face.hpp : warning C4819: The file contains a character that cannot be represented in the current code page (936). Save the file in Unicode format to prevent data loss
     1>f:\wjj学习资料\wjj学习资料\数字图像处理\课程设计\code\facedetection\facedetection\FaceDetection.h(155): warning C4244: 'argument' : conversion from 'double' to 'int', possible loss of data
     1>f:\wjj学习资料\wjj学习资料\数字图像处理\课程设计\code\facedetection\facedetection\FaceDetection.h(156): warning C4244: 'argument' : conversion from 'double' to 'int', possible loss of data
       Link:
         D:\Software Download\VS\VC\bin\x86_amd64\link.exe /ERRORREPORT:PROMPT /OUT:"F:\wjj学习资料\wjj学习资料\数字图像处理\课程设计\code\FaceDetection\x64\Release\FaceDetection.exe" /INCREMENTAL:NO /NOLOGO opencv_world310.lib opencv_world310d.lib opencv_aruco310.lib opencv_bgsegm310.lib opencv_bioinspired310.lib opencv_calib3d310.lib opencv_ccalib310.lib opencv_core310.lib opencv_datasets310.lib opencv_dnn310.lib opencv_dpm310.lib opencv_face310.lib opencv_features2d310.lib opencv_flann310.lib opencv_fuzzy310.lib opencv_highgui310.lib opencv_imgcodecs310.lib opencv_imgproc310.lib opencv_line_descriptor310.lib opencv_ml310.lib opencv_objdetect310.lib opencv_optflow310.lib opencv_photo310.lib opencv_plot310.lib opencv_reg310.lib opencv_rgbd310.lib opencv_saliency310.lib opencv_shape310.lib opencv_stereo310.lib opencv_stitching310.lib opencv_structured_light310.lib opencv_superres310.lib opencv_surface_matching310.lib opencv_text310.lib opencv_tracking310.lib opencv_ts310.lib opencv_video310.lib opencv_videoio310.lib opencv_videostab310.lib opencv_xfeatures2d310.lib opencv_ximgproc310.lib opencv_xobjdetect310.lib opencv_xphoto310.lib kernel32.lib user32.lib gdi32.lib winspool.lib comdlg32.lib advapi32.lib shell32.lib ole32.lib oleaut32.lib uuid.lib odbc32.lib odbccp32.lib /MANIFEST /MANIFESTUAC:"level='asInvoker' uiAccess='false'" /manifest:embed /DEBUG /PDB:"F:\wjj学习资料\wjj学习资料\数字图像处理\课程设计\code\FaceDetection\x64\Release\FaceDetection.pdb" /SUBSYSTEM:WINDOWS /OPT:REF /OPT:ICF /LTCG /TLBID:1 /DYNAMICBASE /NXCOMPAT /IMPLIB:"F:\wjj学习资料\wjj学习资料\数字图像处理\课程设计\code\FaceDetection\x64\Release\FaceDetection.lib" /MACHINE:X64 x64\Release\FaceDetection.res
         x64\Release\asm.obj
         x64\Release\classicdesc.obj
         x64\Release\convshape.obj
         x64\Release\err.obj
         x64\Release\eyedet.obj
         x64\Release\eyedist.obj
         x64\Release\face.obj
         x64\Release\facedet.obj
         x64\Release\FaceDetection.obj
         x64\Release\faceroi.obj
         x64\Release\hat.obj
         x64\Release\hatdesc.obj
         x64\Release\initasm.obj
         x64\Release\landmarks.obj
         x64\Release\misc.obj
         x64\Release\pinstart.obj
         x64\Release\print.obj
         x64\Release\shape17.obj
         x64\Release\shapehacks.obj
         x64\Release\shapemod.obj
         x64\Release\startshape.obj
         x64\Release\stasm.obj
         x64\Release\stasm_lib.obj
         Generating code
         Finished generating code
         FaceDetection.vcxproj -> F:\wjj学习资料\wjj学习资料\数字图像处理\课程设计\code\FaceDetection\x64\Release\FaceDetection.exe
     1>Done Building Project "F:\wjj学习资料\wjj学习资料\数字图像处理\课程设计\code\FaceDetection\FaceDetection\FaceDetection.vcxproj" (Build target(s)).

Build succeeded.

Time Elapsed 00:00:13.87
